--------------------------------------------
Time Stamp: 2025.03.29 20:32:49
Uploading CPM65...
--------------------------------------------
Time Stamp: 2025.03.29 20:49:25
Uploading CPM65...
Clearing...
--------------------------------------------
Time Stamp: 2025.03.29 20:54:32
Assembling bios...
Clearing...
--------------------------------------------
Time Stamp: 2025.03.29 20:55:41
Assembling bios...
Converting bios...
Clearing...
--------------------------------------------
Time Stamp: 2025.03.29 20:57:59
Assembling bios...
Converting bios...
--------------------------------------------
Time Stamp: 2025.03.29 20:58:28
Assembling bios...
Converting bios...
Clearing...
--------------------------------------------
Time Stamp: 2025.03.29 21:01:41
Assembling bios...
Converting bios...
Assembling bdos...
Converting bdos...
Assembling ccp...
Converting ccp...
Uploading CPM65...
--------------------------------------------
Time Stamp: 2025.03.29 21:01:52
Uploading CPM65...
Clearing...
--------------------------------------------
Time Stamp: 2025.03.29 21:07:03
Assembling bios...
Converting bios...
Assembling bdos...
Converting bdos...
Assembling ccp...
Converting ccp...
Uploading CPM65...
Clearing...
--------------------------------------------
Time Stamp: 2025.03.29 21:10:41
Clearing...
--------------------------------------------
Time Stamp: 2025.03.29 21:10:47
Assembling bios...
Converting bios...
Assembling bdos...
Converting bdos...
Assembling ccp...
Converting ccp...
Uploading CPM65...
--------------------------------------------
Time Stamp: 2025.03.29 21:12:11
Uploading CPM65...
--------------------------------------------
Time Stamp: 2025.03.29 21:23:13
Clearing...
--------------------------------------------
Time Stamp: 2025.03.29 21:23:21
Uploading CPM65...
--------------------------------------------
Time Stamp: 2025.03.29 21:24:41
Assembling bios...
Converting bios...
Assembling bdos...
Converting bdos...
Assembling ccp...
Converting ccp...
Uploading CPM65...
--------------------------------------------
Time Stamp: 2025.03.29 21:24:55
Clearing...
--------------------------------------------
Time Stamp: 2025.03.29 21:24:57
Assembling bios...
Converting bios...
Assembling bdos...
Converting bdos...
Assembling ccp...
Converting ccp...
Uploading CPM65...
--------------------------------------------
Time Stamp: 2025.03.29 21:25:14
Uploading CPM65...
--------------------------------------------
Time Stamp: 2025.03.29 23:16:56
Assembling ccp...
Converting ccp...
Uploading CPM65...
--------------------------------------------
Time Stamp: 2025.03.29 23:40:49
Assembling bios...
--------------------------------------------
Time Stamp: 2025.03.29 23:40:55
Assembling bios...
--------------------------------------------
Time Stamp: 2025.03.29 23:41:46
Assembling bios...
Converting bios...
Uploading CPM65...
--------------------------------------------
Time Stamp: 2025.03.29 23:42:05
Uploading CPM65...
--------------------------------------------
Time Stamp: 2025.03.30 00:21:37
Assembling bios...
Converting bios...
Uploading CPM65...
--------------------------------------------
Time Stamp: 2025.03.30 00:31:02
Assembling bios...
Converting bios...
Uploading CPM65...
--------------------------------------------
Time Stamp: 2025.03.30 00:31:43
Clearing...
--------------------------------------------
Time Stamp: 2025.03.30 09:56:44
Assembling bios...
Converting bios...
Assembling bdos...
Converting bdos...
Assembling ccp...
Converting ccp...
Uploading CPM65...
--------------------------------------------
Time Stamp: 2025.03.30 10:00:21
Assembling bios...
Converting bios...
Uploading CPM65...
--------------------------------------------
Time Stamp: 2025.03.30 10:07:26
Assembling bios...
--------------------------------------------
Time Stamp: 2025.03.30 10:07:42
Assembling bios...
Converting bios...
Uploading CPM65...
--------------------------------------------
Time Stamp: 2025.03.30 10:08:46
Uploading CPM65...
--------------------------------------------
Time Stamp: 2025.03.30 10:35:35
Uploading CPM65...
--------------------------------------------
Time Stamp: 2025.03.30 10:53:27
Uploading CPM65...
--------------------------------------------
Time Stamp: 2025.03.30 10:53:51
Uploading CPM65...
--------------------------------------------
Time Stamp: 2025.03.30 11:07:25
Uploading CPM65...
--------------------------------------------
Time Stamp: 2025.03.30 12:35:10
Assembling bios...
Converting bios...
Uploading CPM65...
--------------------------------------------
Time Stamp: 2025.03.30 12:35:19
Uploading CPM65...
--------------------------------------------
Time Stamp: 2025.03.30 12:35:40
Uploading CPM65...
--------------------------------------------
Time Stamp: 2025.03.30 12:36:09
Clearing...
--------------------------------------------
Time Stamp: 2025.03.30 12:36:13
Assembling bios...
Converting bios...
Assembling bdos...
Converting bdos...
Assembling ccp...
Converting ccp...
Uploading CPM65...
--------------------------------------------
Time Stamp: 2025.03.30 12:49:06
Uploading CPM65...
--------------------------------------------
Time Stamp: 2025.03.30 14:01:31
Uploading CPM65...
--------------------------------------------
Time Stamp: 2025.03.30 14:12:42
Uploading CPM65...
--------------------------------------------
Time Stamp: 2025.03.30 14:14:00
Uploading CPM65...
--------------------------------------------
Time Stamp: 2025.03.30 18:23:10
Uploading CPM65...
--------------------------------------------
Time Stamp: 2025.03.30 21:30:04
Assembling bios...
Converting bios...
Assembling bdos...
--------------------------------------------
Time Stamp: 2025.03.30 21:32:29
Assembling bios...
Converting bios...
Assembling bdos...
Converting bdos...
Assembling ccp...
Converting ccp...
Uploading CPM65...
--------------------------------------------
Time Stamp: 2025.03.31 12:20:17
Uploading CPM65...
--------------------------------------------
Time Stamp: 2025.03.31 12:22:44
Assembling bios...
Converting bios...
Uploading CPM65...
--------------------------------------------
Time Stamp: 2025.03.31 12:26:56
Uploading CPM65...
--------------------------------------------
Time Stamp: 2025.03.31 12:32:49
Uploading CPM65...
--------------------------------------------
Time Stamp: 2025.03.31 12:42:24
Uploading CPM65...
--------------------------------------------
Time Stamp: 2025.03.31 12:42:46
Uploading CPM65...
--------------------------------------------
Time Stamp: 2025.03.31 13:58:17
Uploading CPM65...
--------------------------------------------
Time Stamp: 2025.03.31 14:26:48
Uploading CPM65...
--------------------------------------------
Time Stamp: 2025.03.31 22:58:03
Uploading CPM65...
--------------------------------------------
Time Stamp: 2025.04.01 00:55:59
Uploading CPM65...
--------------------------------------------
Time Stamp: 2025.04.01 01:29:12
Uploading CPM65...
--------------------------------------------
Time Stamp: 2025.04.01 09:22:08
Uploading CPM65...
--------------------------------------------
Time Stamp: 2025.04.01 11:54:02
Uploading CPM65...
--------------------------------------------
Time Stamp: 2025.04.01 12:15:19
Uploading CPM65...
--------------------------------------------
Time Stamp: 2025.04.01 12:20:17
Uploading CPM65...
--------------------------------------------
Time Stamp: 2025.04.01 12:59:25
Uploading CPM65...
--------------------------------------------
Time Stamp: 2025.04.01 13:15:12
Uploading CPM65...
--------------------------------------------
Time Stamp: 2025.04.01 13:17:37
Uploading CPM65...
--------------------------------------------
Time Stamp: 2025.04.01 13:30:40
Uploading CPM65...
--------------------------------------------
Time Stamp: 2025.04.01 14:46:18
Clearing...
